2025-05-06 19:51:44 - URL completa: /fibernet/shoppnet/category.php?cid=5
2025-05-06 19:56:05 - URL completa: /fibernet/shoppnet/category.php?cid=5
2025-05-06 19:59:37 - URL completa: /fibernet/shoppnet/category.php?cid=5
2025-05-06 20:02:25 - URL completa: /fibernet/shoppnet/category.php?cid=5
2025-05-06 20:10:21 - URL completa: /fibernet/shoppnet/category.php?cid=5
Cargando imagen: admin/productimages/R003.webp
Cargando imagen: admin/productimages/R003A.webp
Cargando imagen: admin/productimages/R003B.webp
Cargando imagen: admin/productimages/R003C.webp
Cargando imagen: admin/productimages/R004.webp
Cargando imagen: admin/productimages/R004A.webp
Cargando imagen: admin/productimages/R004B.webp
Cargando imagen: admin/productimages/R004C.webp
Cargando imagen: admin/productimages/R005.webp
Cargando imagen: admin/productimages/R006.webp
Cargando imagen: admin/productimages/R006A.webp
Cargando imagen: admin/productimages/R006C.webp
Cargando imagen: admin/productimages/R006D.webp
Cargando imagen: admin/productimages/R006F.webp
Cargando imagen: admin/productimages/R008.webp
Cargando imagen: admin/productimages/R008A.webp
Cargando imagen: admin/productimages/R008B.webp
Cargando imagen: admin/productimages/R008C.webp
Cargando imagen: admin/productimages/R009.webp
Cargando imagen: admin/productimages/R010.webp
Cargando imagen: admin/productimages/R034.webp
Cargando imagen: admin/productimages/R034.webp
Cargando imagen: admin/productimages/R003B.webp
Cargando imagen: admin/productimages/R003C.webp
2025-05-06 20:12:03 - URL completa: /fibernet/shoppnet/category.php?cid=5
Cargando imagen: admin/productimages/R003.webp
Cargando imagen: admin/productimages/R003A.webp
Cargando imagen: admin/productimages/R003B.webp
Cargando imagen: admin/productimages/R003C.webp
Cargando imagen: admin/productimages/R004.webp
Cargando imagen: admin/productimages/R004A.webp
Cargando imagen: admin/productimages/R004B.webp
Cargando imagen: admin/productimages/R004C.webp
Cargando imagen: admin/productimages/R005.webp
Cargando imagen: admin/productimages/R006.webp
Cargando imagen: admin/productimages/R006A.webp
Cargando imagen: admin/productimages/R006C.webp
Cargando imagen: admin/productimages/R006D.webp
Cargando imagen: admin/productimages/R006F.webp
Cargando imagen: admin/productimages/R008.webp
Cargando imagen: admin/productimages/R008A.webp
Cargando imagen: admin/productimages/R008B.webp
Cargando imagen: admin/productimages/R008C.webp
Cargando imagen: admin/productimages/R009.webp
Cargando imagen: admin/productimages/R010.webp
Cargando imagen: admin/productimages/R034.webp
Cargando imagen: admin/productimages/R034.webp
Cargando imagen: admin/productimages/R003B.webp
Cargando imagen: admin/productimages/R003C.webp
2025-05-06 20:19:13 - URL completa: /fibernet/shoppnet/category.php?cid=5
